mode: set
replikator/apis/replication/v1/clusterreplicationrule_types.go:60.66,62.2 1 0
replikator/apis/replication/v1/clusterreplicationrule_types.go:64.70,66.2 1 0
replikator/apis/replication/v1/groupversion_info.go:11.53,17.3 2 0
replikator/apis/replication/v1/groupversion_info.go:20.43,22.2 1 0
replikator/apis/replication/v1/groupversion_info.go:24.53,26.2 1 0
replikator/cmd/replikator/main.go:44.13,49.2 4 0
replikator/cmd/replikator/main.go:51.13,74.16 17 0
replikator/cmd/replikator/main.go:74.16,77.3 2 0
replikator/cmd/replikator/main.go:79.2,79.34 1 0
replikator/cmd/replikator/main.go:79.34,82.3 2 0
replikator/cmd/replikator/main.go:84.2,103.16 2 0
replikator/cmd/replikator/main.go:103.16,106.3 2 0
replikator/cmd/replikator/main.go:108.2,217.37 22 0
replikator/cmd/replikator/main.go:217.37,222.3 4 0
replikator/cmd/replikator/main.go:224.2,224.176 1 0
replikator/cmd/replikator/main.go:224.176,227.3 2 0
replikator/cmd/replikator/main.go:229.2,229.69 1 0
replikator/cmd/replikator/main.go:229.69,232.3 2 0
replikator/cmd/replikator/main.go:234.2,234.67 1 0
replikator/cmd/replikator/main.go:234.67,237.3 2 0
replikator/cmd/replikator/main.go:239.2,241.12 2 0
replikator/cmd/replikator/main.go:241.12,243.44 2 0
replikator/cmd/replikator/main.go:243.44,246.4 2 0
replikator/cmd/replikator/main.go:249.2,255.10 6 0
replikator/cmd/replikator/main.go:267.9,276.42 3 0
replikator/cmd/replikator/main.go:276.42,278.3 1 0
replikator/cmd/replikator/main.go:280.2,285.42 1 0
replikator/cmd/replikator/main.go:285.42,287.3 1 0
replikator/cmd/replikator/main.go:289.2,294.42 1 0
replikator/cmd/replikator/main.go:294.42,296.3 1 0
replikator/cmd/replikator/main.go:298.2,303.42 1 0
replikator/cmd/replikator/main.go:303.42,305.3 1 0
replikator/cmd/replikator/main.go:307.2,311.45 1 0
replikator/cmd/replikator/main.go:311.45,313.3 1 0
replikator/cmd/replikator/main.go:315.2,319.40 1 0
replikator/cmd/replikator/main.go:319.40,321.3 1 0
replikator/cmd/replikator/main.go:323.2,327.43 1 0
replikator/cmd/replikator/main.go:327.43,329.3 1 0
replikator/cmd/replikator/main.go:331.2,335.47 1 0
replikator/cmd/replikator/main.go:335.47,337.3 1 0
replikator/cmd/replikator/main.go:339.2,339.12 1 0
replikator/cmd/replikator/main.go:346.111,348.2 1 0
replikator/cmd/replikator/main.go:350.121,352.2 1 0
replikator/internal/domain/valueobject/identifiers.go:14.51,19.2 1 1
replikator/internal/domain/valueobject/identifiers.go:21.38,23.2 1 1
replikator/internal/domain/valueobject/identifiers.go:25.33,27.2 1 1
replikator/internal/domain/valueobject/identifiers.go:29.35,31.2 1 1
replikator/internal/domain/valueobject/identifiers.go:33.47,35.2 1 1
replikator/internal/domain/valueobject/identifiers.go:42.51,47.2 1 1
replikator/internal/domain/valueobject/identifiers.go:49.38,51.2 1 1
replikator/internal/domain/valueobject/identifiers.go:53.33,55.2 1 1
replikator/internal/domain/valueobject/identifiers.go:57.35,59.2 1 1
replikator/internal/domain/valueobject/identifiers.go:61.47,63.2 1 0
replikator/internal/domain/valueobject/identifiers.go:71.73,77.35 2 1
replikator/internal/domain/valueobject/identifiers.go:77.35,79.20 2 1
replikator/internal/domain/valueobject/identifiers.go:79.20,80.12 1 0
replikator/internal/domain/valueobject/identifiers.go:82.3,82.21 1 1
replikator/internal/domain/valueobject/identifiers.go:82.21,85.4 2 1
replikator/internal/domain/valueobject/identifiers.go:87.3,95.17 7 1
replikator/internal/domain/valueobject/identifiers.go:95.17,97.4 1 0
replikator/internal/domain/valueobject/identifiers.go:98.3,98.38 1 1
replikator/internal/domain/valueobject/identifiers.go:101.2,101.16 1 1
replikator/internal/domain/valueobject/identifiers.go:104.60,105.14 1 1
replikator/internal/domain/valueobject/identifiers.go:105.14,107.3 1 1
replikator/internal/domain/valueobject/identifiers.go:108.2,108.32 1 1
replikator/internal/domain/valueobject/identifiers.go:108.32,109.32 1 1
replikator/internal/domain/valueobject/identifiers.go:109.32,111.4 1 1
replikator/internal/domain/valueobject/identifiers.go:113.2,113.14 1 1
replikator/internal/domain/valueobject/identifiers.go:116.44,118.2 1 1
replikator/internal/domain/valueobject/identifiers.go:120.42,122.2 1 1
replikator/internal/domain/valueobject/identifiers.go:124.49,126.2 1 0
replikator/internal/domain/valueobject/identifiers.go:128.71,129.33 1 1
replikator/internal/domain/valueobject/identifiers.go:129.33,131.3 1 1
replikator/internal/domain/valueobject/identifiers.go:133.2,135.29 3 1
replikator/internal/domain/valueobject/identifiers.go:135.29,137.14 2 1
replikator/internal/domain/valueobject/identifiers.go:137.14,139.4 1 1
replikator/internal/domain/valueobject/identifiers.go:141.2,141.20 1 1
replikator/internal/application/usecase/reflection.go:40.28,48.2 1 0
replikator/internal/application/usecase/reflection.go:50.94,51.68 1 0
replikator/internal/application/usecase/reflection.go:51.68,53.3 1 0
replikator/internal/application/usecase/reflection.go:55.2,55.25 1 0
replikator/internal/application/usecase/reflection.go:55.25,58.3 2 0
replikator/internal/application/usecase/reflection.go:60.2,60.28 1 0
replikator/internal/application/usecase/reflection.go:60.28,61.59 1 0
replikator/internal/application/usecase/reflection.go:61.59,63.4 1 0
replikator/internal/application/usecase/reflection.go:66.2,69.16 3 0
replikator/internal/application/usecase/reflection.go:69.16,71.3 1 0
replikator/internal/application/usecase/reflection.go:73.2,73.33 1 0
replikator/internal/application/usecase/reflection.go:73.33,74.65 1 0
replikator/internal/application/usecase/reflection.go:74.65,75.12 1 0
replikator/internal/application/usecase/reflection.go:79.2,79.12 1 0
replikator/internal/application/usecase/reflection.go:82.104,84.16 2 0
replikator/internal/application/usecase/reflection.go:84.16,86.3 1 0
replikator/internal/application/usecase/reflection.go:88.2,88.32 1 0
replikator/internal/application/usecase/reflection.go:88.32,89.31 1 0
replikator/internal/application/usecase/reflection.go:89.31,90.12 1 0
replikator/internal/application/usecase/reflection.go:93.3,93.43 1 0
replikator/internal/application/usecase/reflection.go:93.43,94.12 1 0
replikator/internal/application/usecase/reflection.go:97.3,97.73 1 0
replikator/internal/application/usecase/reflection.go:97.73,102.12 2 0
replikator/internal/application/usecase/reflection.go:106.2,106.12 1 0
replikator/internal/application/usecase/reflection.go:109.138,111.16 2 0
replikator/internal/application/usecase/reflection.go:111.16,113.3 1 0
replikator/internal/application/usecase/reflection.go:114.2,114.32 1 0
replikator/internal/application/usecase/reflection.go:114.32,116.3 1 0
replikator/internal/application/usecase/reflection.go:118.2,118.75 1 0
replikator/internal/application/usecase/reflection.go:118.75,124.3 2 0
replikator/internal/application/usecase/reflection.go:126.2,134.58 2 0
replikator/internal/application/usecase/reflection.go:134.58,137.3 2 0
replikator/internal/application/usecase/reflection.go:139.2,144.12 3 0
replikator/internal/application/usecase/reflection.go:147.128,148.31 1 0
replikator/internal/application/usecase/reflection.go:149.33,151.17 2 0
replikator/internal/application/usecase/reflection.go:151.17,152.32 1 0
replikator/internal/application/usecase/reflection.go:152.32,155.5 2 0
replikator/internal/application/usecase/reflection.go:156.4,156.86 1 0
replikator/internal/application/usecase/reflection.go:158.3,158.33 1 0
replikator/internal/application/usecase/reflection.go:158.33,160.4 1 0
replikator/internal/application/usecase/reflection.go:161.36,163.17 2 0
replikator/internal/application/usecase/reflection.go:163.17,164.31 1 0
replikator/internal/application/usecase/reflection.go:164.31,167.5 2 0
replikator/internal/application/usecase/reflection.go:168.4,168.86 1 0
replikator/internal/application/usecase/reflection.go:170.3,170.33 1 0
replikator/internal/application/usecase/reflection.go:170.33,172.4 1 0
replikator/internal/application/usecase/reflection.go:174.2,174.12 1 0
replikator/internal/application/usecase/reflection.go:177.111,179.16 2 0
replikator/internal/application/usecase/reflection.go:179.16,181.3 1 0
replikator/internal/application/usecase/reflection.go:183.2,183.33 1 0
replikator/internal/application/usecase/reflection.go:183.33,188.3 2 0
replikator/internal/application/usecase/reflection.go:191.118,193.16 2 0
replikator/internal/application/usecase/reflection.go:193.16,195.3 1 0
replikator/internal/application/usecase/reflection.go:197.2,197.33 1 0
replikator/internal/application/usecase/reflection.go:197.33,198.59 1 0
replikator/internal/application/usecase/reflection.go:198.59,203.4 2 0
replikator/internal/application/usecase/reflection.go:207.125,213.31 5 0
replikator/internal/application/usecase/reflection.go:214.33,217.17 3 0
replikator/internal/application/usecase/reflection.go:217.17,220.4 2 0
replikator/internal/application/usecase/reflection.go:221.3,222.33 2 0
replikator/internal/application/usecase/reflection.go:224.36,227.17 3 0
replikator/internal/application/usecase/reflection.go:227.17,230.4 2 0
replikator/internal/application/usecase/reflection.go:231.3,232.29 2 0
replikator/internal/application/usecase/reflection.go:232.29,234.4 1 0
replikator/internal/application/usecase/reflection.go:235.3,235.35 1 0
replikator/internal/application/usecase/reflection.go:235.35,237.4 1 0
replikator/internal/application/usecase/reflection.go:240.2,240.81 1 0
replikator/internal/application/usecase/reflection.go:240.81,243.3 2 0
replikator/internal/application/usecase/reflection.go:245.2,245.95 1 0
replikator/internal/application/usecase/reflection.go:245.95,248.3 2 0
replikator/internal/application/usecase/reflection.go:250.2,251.12 2 0
replikator/internal/application/usecase/reflection.go:254.192,256.28 2 0
replikator/internal/application/usecase/reflection.go:256.28,258.3 1 0
replikator/internal/application/usecase/reflection.go:260.2,260.31 1 0
replikator/internal/application/usecase/reflection.go:261.33,263.47 2 0
replikator/internal/application/usecase/reflection.go:263.47,265.4 1 0
replikator/internal/application/usecase/reflection.go:267.3,267.20 1 0
replikator/internal/application/usecase/reflection.go:267.20,278.4 2 0
replikator/internal/application/usecase/reflection.go:280.3,283.50 4 0
replikator/internal/application/usecase/reflection.go:285.36,287.47 2 0
replikator/internal/application/usecase/reflection.go:287.47,289.4 1 0
replikator/internal/application/usecase/reflection.go:291.3,293.32 3 0
replikator/internal/application/usecase/reflection.go:293.32,294.37 1 0
replikator/internal/application/usecase/reflection.go:294.37,296.5 1 0
replikator/internal/application/usecase/reflection.go:296.10,298.5 1 0
replikator/internal/application/usecase/reflection.go:301.3,301.16 1 0
replikator/internal/application/usecase/reflection.go:301.16,312.4 2 0
replikator/internal/application/usecase/reflection.go:314.3,317.49 4 0
replikator/internal/application/usecase/reflection.go:320.2,320.12 1 0
replikator/internal/application/usecase/reflection.go:323.36,324.25 1 0
replikator/internal/application/usecase/reflection.go:324.25,325.24 1 0
replikator/internal/application/usecase/reflection.go:325.24,327.4 1 0
replikator/internal/application/usecase/reflection.go:329.2,329.13 1 0
replikator/internal/application/usecase/reflection.go:342.32,348.2 1 0
replikator/internal/application/usecase/reflection.go:350.140,352.16 2 0
replikator/internal/application/usecase/reflection.go:352.16,354.3 1 0
replikator/internal/application/usecase/reflection.go:356.2,356.33 1 0
replikator/internal/application/usecase/reflection.go:356.33,357.24 1 0
replikator/internal/application/usecase/reflection.go:357.24,358.24 1 0
replikator/internal/application/usecase/reflection.go:359.35,360.76 1 0
replikator/internal/application/usecase/reflection.go:361.38,362.79 1 0
replikator/internal/application/usecase/reflection.go:366.3,366.64 1 0
replikator/internal/application/usecase/reflection.go:366.64,367.12 1 0
replikator/internal/application/usecase/reflection.go:371.2,371.12 1 0
replikator/internal/application/usecase/reflection.go:382.24,387.2 1 0
replikator/internal/application/usecase/reflection.go:389.168,399.2 2 0
replikator/internal/application/usecase/reflection.go:411.24,417.2 1 0
replikator/internal/application/usecase/reflection.go:419.132,420.23 1 0
replikator/internal/application/usecase/reflection.go:420.23,421.23 1 0
replikator/internal/application/usecase/reflection.go:422.34,423.79 1 0
replikator/internal/application/usecase/reflection.go:424.37,425.82 1 0
replikator/internal/application/usecase/reflection.go:429.2,429.44 1 0
replikator/internal/controllers/clusterreplicationrule_controller.go:51.37,63.2 1 0
replikator/internal/controllers/clusterreplicationrule_controller.go:65.124,70.15 4 0
replikator/internal/controllers/clusterreplicationrule_controller.go:70.15,72.3 1 0
replikator/internal/controllers/clusterreplicationrule_controller.go:74.2,76.16 3 0
replikator/internal/controllers/clusterreplicationrule_controller.go:76.16,77.32 1 0
replikator/internal/controllers/clusterreplicationrule_controller.go:77.32,79.4 1 0
replikator/internal/controllers/clusterreplicationrule_controller.go:80.3,81.89 2 0
replikator/internal/controllers/clusterreplicationrule_controller.go:84.2,84.37 1 0
replikator/internal/controllers/clusterreplicationrule_controller.go:84.37,87.3 2 0
replikator/internal/controllers/clusterreplicationrule_controller.go:89.2,90.16 2 0
replikator/internal/controllers/clusterreplicationrule_controller.go:90.16,93.3 2 0
replikator/internal/controllers/clusterreplicationrule_controller.go:95.2,96.16 2 0
replikator/internal/controllers/clusterreplicationrule_controller.go:96.16,100.3 3 0
replikator/internal/controllers/clusterreplicationrule_controller.go:102.2,102.77 1 0
replikator/internal/controllers/clusterreplicationrule_controller.go:102.77,105.3 2 0
replikator/internal/controllers/clusterreplicationrule_controller.go:107.2,109.32 2 0
replikator/internal/controllers/clusterreplicationrule_controller.go:112.101,113.20 1 0
replikator/internal/controllers/clusterreplicationrule_controller.go:113.20,115.3 1 0
replikator/internal/controllers/clusterreplicationrule_controller.go:117.2,121.77 4 0
replikator/internal/controllers/clusterreplicationrule_controller.go:121.77,123.3 1 0
replikator/internal/controllers/clusterreplicationrule_controller.go:124.2,124.77 1 0
replikator/internal/controllers/clusterreplicationrule_controller.go:124.77,126.3 1 0
replikator/internal/controllers/clusterreplicationrule_controller.go:128.2,128.33 1 0
replikator/internal/controllers/clusterreplicationrule_controller.go:131.138,133.16 2 0
replikator/internal/controllers/clusterreplicationrule_controller.go:133.16,135.3 1 0
replikator/internal/controllers/clusterreplicationrule_controller.go:137.2,139.30 2 0
replikator/internal/controllers/clusterreplicationrule_controller.go:139.30,140.36 1 0
replikator/internal/controllers/clusterreplicationrule_controller.go:140.36,141.44 1 0
replikator/internal/controllers/clusterreplicationrule_controller.go:141.44,142.22 1 0
replikator/internal/controllers/clusterreplicationrule_controller.go:142.22,144.11 2 0
replikator/internal/controllers/clusterreplicationrule_controller.go:148.8,150.3 1 0
replikator/internal/controllers/clusterreplicationrule_controller.go:152.2,152.27 1 0
replikator/internal/controllers/clusterreplicationrule_controller.go:152.27,154.17 2 0
replikator/internal/controllers/clusterreplicationrule_controller.go:154.17,156.4 1 0
replikator/internal/controllers/clusterreplicationrule_controller.go:157.3,158.29 2 0
replikator/internal/controllers/clusterreplicationrule_controller.go:158.29,159.34 1 0
replikator/internal/controllers/clusterreplicationrule_controller.go:159.34,161.5 1 0
replikator/internal/controllers/clusterreplicationrule_controller.go:163.3,163.20 1 0
replikator/internal/controllers/clusterreplicationrule_controller.go:166.2,167.37 2 0
replikator/internal/controllers/clusterreplicationrule_controller.go:167.37,169.3 1 0
replikator/internal/controllers/clusterreplicationrule_controller.go:171.2,172.28 2 0
replikator/internal/controllers/clusterreplicationrule_controller.go:172.28,173.20 1 0
replikator/internal/controllers/clusterreplicationrule_controller.go:173.20,175.4 1 0
replikator/internal/controllers/clusterreplicationrule_controller.go:178.2,178.19 1 0
replikator/internal/controllers/clusterreplicationrule_controller.go:181.168,183.29 2 0
replikator/internal/controllers/clusterreplicationrule_controller.go:183.29,185.3 1 0
replikator/internal/controllers/clusterreplicationrule_controller.go:187.2,187.35 1 0
replikator/internal/controllers/clusterreplicationrule_controller.go:187.35,188.90 1 0
replikator/internal/controllers/clusterreplicationrule_controller.go:188.90,190.4 1 0
replikator/internal/controllers/clusterreplicationrule_controller.go:193.2,193.12 1 0
replikator/internal/controllers/clusterreplicationrule_controller.go:196.197,197.22 1 0
replikator/internal/controllers/clusterreplicationrule_controller.go:198.16,199.65 1 0
replikator/internal/controllers/clusterreplicationrule_controller.go:200.19,201.68 1 0
replikator/internal/controllers/clusterreplicationrule_controller.go:202.10,203.67 1 0
replikator/internal/controllers/clusterreplicationrule_controller.go:207.171,210.16 3 0
replikator/internal/controllers/clusterreplicationrule_controller.go:210.16,212.3 1 0
replikator/internal/controllers/clusterreplicationrule_controller.go:214.2,214.39 1 0
replikator/internal/controllers/clusterreplicationrule_controller.go:214.39,215.41 1 0
replikator/internal/controllers/clusterreplicationrule_controller.go:215.41,216.12 1 0
replikator/internal/controllers/clusterreplicationrule_controller.go:219.3,219.32 1 0
replikator/internal/controllers/clusterreplicationrule_controller.go:219.32,220.12 1 0
replikator/internal/controllers/clusterreplicationrule_controller.go:223.3,224.20 2 0
replikator/internal/controllers/clusterreplicationrule_controller.go:224.20,225.12 1 0
replikator/internal/controllers/clusterreplicationrule_controller.go:228.3,228.63 1 0
replikator/internal/controllers/clusterreplicationrule_controller.go:228.63,230.4 1 0
replikator/internal/controllers/clusterreplicationrule_controller.go:233.2,233.12 1 0
replikator/internal/controllers/clusterreplicationrule_controller.go:236.174,239.16 3 0
replikator/internal/controllers/clusterreplicationrule_controller.go:239.16,241.3 1 0
replikator/internal/controllers/clusterreplicationrule_controller.go:243.2,243.38 1 0
replikator/internal/controllers/clusterreplicationrule_controller.go:243.38,244.37 1 0
replikator/internal/controllers/clusterreplicationrule_controller.go:244.37,245.12 1 0
replikator/internal/controllers/clusterreplicationrule_controller.go:248.3,248.31 1 0
replikator/internal/controllers/clusterreplicationrule_controller.go:248.31,249.12 1 0
replikator/internal/controllers/clusterreplicationrule_controller.go:252.3,253.20 2 0
replikator/internal/controllers/clusterreplicationrule_controller.go:253.20,254.12 1 0
replikator/internal/controllers/clusterreplicationrule_controller.go:257.3,257.63 1 0
replikator/internal/controllers/clusterreplicationrule_controller.go:257.63,259.4 1 0
replikator/internal/controllers/clusterreplicationrule_controller.go:262.2,262.12 1 0
replikator/internal/controllers/clusterreplicationrule_controller.go:265.130,266.31 1 0
replikator/internal/controllers/clusterreplicationrule_controller.go:266.31,268.3 1 0
replikator/internal/controllers/clusterreplicationrule_controller.go:270.2,272.42 2 0
replikator/internal/controllers/clusterreplicationrule_controller.go:272.42,273.51 1 0
replikator/internal/controllers/clusterreplicationrule_controller.go:273.51,274.46 1 0
replikator/internal/controllers/clusterreplicationrule_controller.go:274.46,276.5 1 0
replikator/internal/controllers/clusterreplicationrule_controller.go:280.2,287.15 6 0
replikator/internal/controllers/clusterreplicationrule_controller.go:290.132,291.27 1 0
replikator/internal/controllers/clusterreplicationrule_controller.go:291.27,293.3 1 0
replikator/internal/controllers/clusterreplicationrule_controller.go:295.2,297.42 2 0
replikator/internal/controllers/clusterreplicationrule_controller.go:297.42,298.51 1 0
replikator/internal/controllers/clusterreplicationrule_controller.go:298.51,299.42 1 0
replikator/internal/controllers/clusterreplicationrule_controller.go:299.42,301.5 1 0
replikator/internal/controllers/clusterreplicationrule_controller.go:305.2,312.15 6 0
replikator/internal/controllers/clusterreplicationrule_controller.go:315.142,321.60 5 0
replikator/internal/controllers/clusterreplicationrule_controller.go:321.60,323.3 1 0
replikator/internal/controllers/clusterreplicationrule_controller.go:326.84,328.2 1 0
replikator/internal/controllers/controllers.go:58.21,71.2 1 0
replikator/internal/controllers/controllers.go:73.39,74.16 1 0
replikator/internal/controllers/controllers.go:74.16,76.3 1 0
replikator/internal/controllers/controllers.go:77.2,77.18 1 0
replikator/internal/controllers/controllers.go:80.108,85.15 4 0
replikator/internal/controllers/controllers.go:85.15,87.3 1 0
replikator/internal/controllers/controllers.go:89.2,90.42 2 0
replikator/internal/controllers/controllers.go:90.42,93.3 2 0
replikator/internal/controllers/controllers.go:95.2,96.16 2 0
replikator/internal/controllers/controllers.go:96.16,97.29 1 0
replikator/internal/controllers/controllers.go:97.29,101.4 3 0
replikator/internal/controllers/controllers.go:102.3,103.75 2 0
replikator/internal/controllers/controllers.go:106.2,106.19 1 0
replikator/internal/controllers/controllers.go:106.19,110.3 3 0
replikator/internal/controllers/controllers.go:112.2,114.62 2 0
replikator/internal/controllers/controllers.go:114.62,118.3 3 0
replikator/internal/controllers/controllers.go:120.2,120.32 1 0
replikator/internal/controllers/controllers.go:123.109,126.16 3 0
replikator/internal/controllers/controllers.go:126.16,127.31 1 0
replikator/internal/controllers/controllers.go:127.31,130.4 2 0
replikator/internal/controllers/controllers.go:131.3,131.39 1 0
replikator/internal/controllers/controllers.go:133.2,133.29 1 0
replikator/internal/controllers/controllers.go:133.29,135.3 1 0
replikator/internal/controllers/controllers.go:137.2,139.16 3 0
replikator/internal/controllers/controllers.go:139.16,140.30 1 0
replikator/internal/controllers/controllers.go:140.30,143.4 2 0
replikator/internal/controllers/controllers.go:144.3,144.38 1 0
replikator/internal/controllers/controllers.go:146.2,146.29 1 0
replikator/internal/controllers/controllers.go:146.29,148.3 1 0
replikator/internal/controllers/controllers.go:150.2,150.65 1 0
replikator/internal/controllers/controllers.go:153.81,154.31 1 0
replikator/internal/controllers/controllers.go:154.31,156.3 1 0
replikator/internal/controllers/controllers.go:158.2,159.26 2 0
replikator/internal/controllers/controllers.go:159.26,161.3 1 0
replikator/internal/controllers/controllers.go:163.2,166.32 3 0
replikator/internal/controllers/controllers.go:166.32,170.3 3 0
replikator/internal/controllers/controllers.go:172.2,176.29 4 0
replikator/internal/controllers/controllers.go:176.29,180.3 3 0
replikator/internal/controllers/controllers.go:182.2,185.15 3 0
replikator/internal/controllers/controllers.go:188.83,189.27 1 0
replikator/internal/controllers/controllers.go:189.27,191.3 1 0
replikator/internal/controllers/controllers.go:193.2,194.26 2 0
replikator/internal/controllers/controllers.go:194.26,196.3 1 0
replikator/internal/controllers/controllers.go:198.2,201.32 3 0
replikator/internal/controllers/controllers.go:201.32,205.3 3 0
replikator/internal/controllers/controllers.go:207.2,211.29 4 0
replikator/internal/controllers/controllers.go:211.29,215.3 3 0
replikator/internal/controllers/controllers.go:217.2,220.15 3 0
replikator/internal/controllers/controllers.go:223.68,225.2 1 0
replikator/internal/controllers/controllers.go:227.56,228.2 0 0
replikator/internal/controllers/controllers.go:234.73,236.2 1 0
replikator/internal/controllers/controllers.go:238.60,240.2 1 0
replikator/internal/controllers/controllers.go:242.60,246.2 3 0
replikator/internal/controllers/controllers.go:248.60,252.2 3 0
replikator/internal/controllers/controllers.go:254.62,256.2 1 0
replikator/internal/controllers/controllers.go:258.76,259.16 1 0
replikator/internal/controllers/controllers.go:259.16,261.3 1 0
replikator/internal/controllers/controllers.go:262.2,263.24 2 0
replikator/internal/controllers/controllers.go:263.24,265.3 1 0
replikator/internal/controllers/controllers.go:266.2,267.74 2 0
replikator/internal/controllers/controllers.go:273.44,275.2 1 0
replikator/internal/controllers/controllers.go:277.60,279.2 1 0
replikator/internal/controllers/controllers.go:281.60,283.2 1 0
replikator/internal/controllers/controllers.go:285.60,287.2 1 0
replikator/internal/controllers/controllers.go:289.62,291.2 1 0
replikator/internal/controllers/controllers.go:293.73,294.16 1 0
replikator/internal/controllers/controllers.go:294.16,296.3 1 0
replikator/internal/controllers/controllers.go:297.2,298.24 2 0
replikator/internal/controllers/controllers.go:298.24,300.3 1 0
replikator/internal/controllers/controllers.go:301.2,302.33 2 0
replikator/internal/controllers/controllers.go:329.21,342.2 1 0
replikator/internal/controllers/controllers.go:344.108,349.15 4 0
replikator/internal/controllers/controllers.go:349.15,351.3 1 0
replikator/internal/controllers/controllers.go:353.2,354.16 2 0
replikator/internal/controllers/controllers.go:354.16,355.29 1 0
replikator/internal/controllers/controllers.go:355.29,358.4 2 0
replikator/internal/controllers/controllers.go:359.3,360.75 2 0
replikator/internal/controllers/controllers.go:363.2,363.16 1 0
replikator/internal/controllers/controllers.go:363.16,366.3 2 0
replikator/internal/controllers/controllers.go:368.2,369.21 2 0
replikator/internal/controllers/controllers.go:369.21,372.3 2 0
replikator/internal/controllers/controllers.go:374.2,378.16 4 0
replikator/internal/controllers/controllers.go:378.16,382.3 3 0
replikator/internal/controllers/controllers.go:384.2,384.19 1 0
replikator/internal/controllers/controllers.go:384.19,386.80 2 0
replikator/internal/controllers/controllers.go:386.80,389.4 2 0
replikator/internal/controllers/controllers.go:390.3,390.33 1 0
replikator/internal/controllers/controllers.go:393.2,401.96 6 0
replikator/internal/controllers/controllers.go:401.96,403.3 1 0
replikator/internal/controllers/controllers.go:405.2,416.20 4 0
replikator/internal/controllers/controllers.go:416.20,417.63 1 0
replikator/internal/controllers/controllers.go:417.63,419.4 1 0
replikator/internal/controllers/controllers.go:422.2,422.32 1 0
replikator/internal/controllers/controllers.go:425.109,428.16 3 0
replikator/internal/controllers/controllers.go:428.16,429.31 1 0
replikator/internal/controllers/controllers.go:429.31,432.4 2 0
replikator/internal/controllers/controllers.go:433.3,433.97 1 0
replikator/internal/controllers/controllers.go:433.97,435.4 1 0
replikator/internal/controllers/controllers.go:436.3,436.18 1 0
replikator/internal/controllers/controllers.go:438.2,438.29 1 0
replikator/internal/controllers/controllers.go:438.29,440.3 1 0
replikator/internal/controllers/controllers.go:442.2,444.16 3 0
replikator/internal/controllers/controllers.go:444.16,445.30 1 0
replikator/internal/controllers/controllers.go:445.30,448.4 2 0
replikator/internal/controllers/controllers.go:449.3,449.89 1 0
replikator/internal/controllers/controllers.go:449.89,451.4 1 0
replikator/internal/controllers/controllers.go:452.3,452.18 1 0
replikator/internal/controllers/controllers.go:455.2,455.65 1 0
replikator/internal/controllers/controllers.go:458.109,461.16 3 0
replikator/internal/controllers/controllers.go:461.16,462.31 1 0
replikator/internal/controllers/controllers.go:462.31,465.4 2 0
replikator/internal/controllers/controllers.go:466.3,466.39 1 0
replikator/internal/controllers/controllers.go:468.2,468.29 1 0
replikator/internal/controllers/controllers.go:468.29,470.3 1 0
replikator/internal/controllers/controllers.go:472.2,474.16 3 0
replikator/internal/controllers/controllers.go:474.16,476.3 1 0
replikator/internal/controllers/controllers.go:478.2,478.65 1 0
replikator/internal/controllers/controllers.go:481.81,482.31 1 0
replikator/internal/controllers/controllers.go:482.31,484.3 1 0
replikator/internal/controllers/controllers.go:486.2,487.26 2 0
replikator/internal/controllers/controllers.go:487.26,489.3 1 0
replikator/internal/controllers/controllers.go:491.2,494.32 3 0
replikator/internal/controllers/controllers.go:494.32,498.3 3 0
replikator/internal/controllers/controllers.go:500.2,506.15 5 0
replikator/internal/controllers/controllers.go:509.83,510.27 1 0
replikator/internal/controllers/controllers.go:510.27,512.3 1 0
replikator/internal/controllers/controllers.go:514.2,514.29 1 0
replikator/internal/controllers/controllers.go:514.29,517.3 2 0
replikator/internal/controllers/controllers.go:519.2,520.26 2 0
replikator/internal/controllers/controllers.go:520.26,522.3 1 0
replikator/internal/controllers/controllers.go:524.2,527.32 3 0
replikator/internal/controllers/controllers.go:527.32,531.3 3 0
replikator/internal/controllers/controllers.go:533.2,539.15 5 0
replikator/internal/controllers/controllers.go:542.102,544.2 1 0
replikator/internal/controllers/controllers.go:546.75,547.39 1 0
replikator/internal/controllers/controllers.go:547.39,548.22 1 0
replikator/internal/controllers/controllers.go:548.22,550.4 1 0
replikator/internal/controllers/controllers.go:552.2,552.28 1 0
replikator/internal/controllers/controllers.go:555.68,557.2 1 0
replikator/internal/controllers/controllers.go:579.24,590.2 1 0
replikator/internal/controllers/controllers.go:592.111,597.15 4 0
replikator/internal/controllers/controllers.go:597.15,599.3 1 0
replikator/internal/controllers/controllers.go:601.2,601.67 1 0
replikator/internal/controllers/controllers.go:601.67,606.3 4 0
replikator/internal/controllers/controllers.go:608.2,610.16 3 0
replikator/internal/controllers/controllers.go:610.16,611.29 1 0
replikator/internal/controllers/controllers.go:611.29,615.4 3 0
replikator/internal/controllers/controllers.go:616.3,617.76 2 0
replikator/internal/controllers/controllers.go:620.2,622.32 2 0
replikator/internal/controllers/controllers.go:625.73,627.36 2 0
replikator/internal/controllers/controllers.go:627.36,629.3 1 0
replikator/internal/controllers/controllers.go:631.2,632.33 2 0
replikator/internal/controllers/controllers.go:632.33,633.29 1 0
replikator/internal/controllers/controllers.go:633.29,638.4 2 0
replikator/internal/controllers/controllers.go:642.71,644.2 1 0
replikator/internal/controllers/controllers.go:660.26,668.2 1 0
replikator/internal/controllers/controllers.go:670.113,675.15 4 0
replikator/internal/controllers/controllers.go:675.15,677.3 1 0
replikator/internal/controllers/controllers.go:679.2,681.16 3 0
replikator/internal/controllers/controllers.go:681.16,682.29 1 0
replikator/internal/controllers/controllers.go:682.29,684.4 1 0
replikator/internal/controllers/controllers.go:685.3,686.78 2 0
replikator/internal/controllers/controllers.go:689.2,690.22 2 0
replikator/internal/controllers/controllers.go:690.22,692.3 1 0
replikator/internal/controllers/controllers.go:694.2,696.16 3 0
replikator/internal/controllers/controllers.go:696.16,697.29 1 0
replikator/internal/controllers/controllers.go:697.29,699.4 1 0
replikator/internal/controllers/controllers.go:700.3,701.73 2 0
replikator/internal/controllers/controllers.go:704.2,705.19 2 0
replikator/internal/controllers/controllers.go:705.19,708.3 2 0
replikator/internal/controllers/controllers.go:710.2,710.62 1 0
replikator/internal/controllers/controllers.go:710.62,714.3 3 0
replikator/internal/controllers/controllers.go:716.2,716.32 1 0
replikator/internal/controllers/controllers.go:719.97,720.31 1 0
replikator/internal/controllers/controllers.go:720.31,722.3 1 0
replikator/internal/controllers/controllers.go:724.2,725.26 2 0
replikator/internal/controllers/controllers.go:725.26,727.3 1 0
replikator/internal/controllers/controllers.go:729.2,732.32 3 0
replikator/internal/controllers/controllers.go:732.32,736.3 3 0
replikator/internal/controllers/controllers.go:738.2,742.29 4 0
replikator/internal/controllers/controllers.go:742.29,746.3 3 0
replikator/internal/controllers/controllers.go:748.2,751.15 3 0
replikator/internal/controllers/controllers.go:768.22,776.2 1 0
replikator/internal/controllers/controllers.go:778.109,783.15 4 0
replikator/internal/controllers/controllers.go:783.15,785.3 1 0
replikator/internal/controllers/controllers.go:787.2,789.16 3 0
replikator/internal/controllers/controllers.go:789.16,790.29 1 0
replikator/internal/controllers/controllers.go:790.29,792.4 1 0
replikator/internal/controllers/controllers.go:793.3,794.74 2 0
replikator/internal/controllers/controllers.go:797.2,798.36 2 0
replikator/internal/controllers/controllers.go:798.36,800.3 1 0
replikator/internal/controllers/controllers.go:802.2,805.83 2 0
replikator/internal/controllers/controllers.go:805.83,808.3 2 0
replikator/internal/controllers/controllers.go:810.2,811.34 2 0
replikator/internal/controllers/controllers.go:811.34,813.3 1 0
replikator/internal/controllers/controllers.go:815.2,815.32 1 0
replikator/internal/controllers/controllers.go:815.32,817.3 1 0
replikator/internal/controllers/controllers.go:819.2,820.22 2 0
replikator/internal/controllers/controllers.go:820.22,822.3 1 0
replikator/internal/controllers/controllers.go:824.2,826.16 3 0
replikator/internal/controllers/controllers.go:826.16,827.29 1 0
replikator/internal/controllers/controllers.go:827.29,829.4 1 0
replikator/internal/controllers/controllers.go:830.3,831.73 2 0
replikator/internal/controllers/controllers.go:834.2,835.19 2 0
replikator/internal/controllers/controllers.go:835.19,838.3 2 0
replikator/internal/controllers/controllers.go:840.2,840.62 1 0
replikator/internal/controllers/controllers.go:840.62,844.3 3 0
replikator/internal/controllers/controllers.go:846.2,846.32 1 0
replikator/internal/controllers/controllers.go:849.127,850.31 1 0
replikator/internal/controllers/controllers.go:850.31,852.3 1 0
replikator/internal/controllers/controllers.go:854.2,854.39 1 0
replikator/internal/controllers/controllers.go:854.39,855.50 1 0
replikator/internal/controllers/controllers.go:855.50,857.4 1 0
replikator/internal/controllers/controllers.go:860.2,861.26 2 0
replikator/internal/controllers/controllers.go:861.26,863.3 1 0
replikator/internal/controllers/controllers.go:865.2,868.32 3 0
replikator/internal/controllers/controllers.go:868.32,872.3 3 0
replikator/internal/controllers/controllers.go:874.2,878.29 4 0
replikator/internal/controllers/controllers.go:878.29,882.3 3 0
replikator/internal/controllers/controllers.go:884.2,887.15 3 0
replikator/internal/domain/event/dispatcher.go:17.50,22.2 1 0
replikator/internal/domain/event/dispatcher.go:24.64,29.9 4 0
replikator/internal/domain/event/dispatcher.go:29.9,31.3 1 0
replikator/internal/domain/event/dispatcher.go:33.2,33.35 1 0
replikator/internal/domain/event/dispatcher.go:33.35,34.40 1 0
replikator/internal/domain/event/dispatcher.go:34.40,36.4 1 0
replikator/internal/domain/event/dispatcher.go:39.2,39.12 1 0
replikator/internal/domain/event/dispatcher.go:42.95,47.2 3 0
replikator/internal/domain/event/events.go:35.49,37.2 1 0
replikator/internal/domain/event/events.go:39.44,41.2 1 0
replikator/internal/domain/event/events.go:43.42,45.2 1 0
replikator/internal/domain/event/events.go:47.76,53.2 1 0
replikator/internal/domain/event/events.go:60.77,65.2 1 0
replikator/internal/domain/event/events.go:72.71,77.2 1 0
replikator/internal/domain/event/events.go:84.79,89.2 1 0
replikator/internal/domain/event/events.go:96.71,101.2 1 0
replikator/internal/domain/event/events.go:108.71,113.2 1 0
replikator/internal/domain/event/events.go:120.79,125.2 1 0
replikator/internal/domain/event/events.go:134.144,141.2 1 0
replikator/internal/domain/event/events.go:150.127,157.2 1 0
replikator/internal/federation/cross_cluster_sync.go:23.142,29.2 1 0
replikator/internal/federation/cross_cluster_sync.go:31.149,33.9 2 0
replikator/internal/federation/cross_cluster_sync.go:33.9,35.3 1 0
replikator/internal/federation/cross_cluster_sync.go:37.2,39.16 3 0
replikator/internal/federation/cross_cluster_sync.go:39.16,45.3 5 0
replikator/internal/federation/cross_cluster_sync.go:45.8,45.38 1 0
replikator/internal/federation/cross_cluster_sync.go:45.38,51.3 5 0
replikator/internal/federation/cross_cluster_sync.go:52.2,52.16 1 0
replikator/internal/federation/cross_cluster_sync.go:52.16,55.3 2 0
replikator/internal/federation/cross_cluster_sync.go:57.2,59.12 3 0
replikator/internal/federation/cross_cluster_sync.go:62.151,64.9 2 0
replikator/internal/federation/cross_cluster_sync.go:64.9,66.3 1 0
replikator/internal/federation/cross_cluster_sync.go:68.2,70.16 3 0
replikator/internal/federation/cross_cluster_sync.go:70.16,76.3 5 0
replikator/internal/federation/cross_cluster_sync.go:76.8,76.38 1 0
replikator/internal/federation/cross_cluster_sync.go:76.38,82.3 5 0
replikator/internal/federation/cross_cluster_sync.go:83.2,83.16 1 0
replikator/internal/federation/cross_cluster_sync.go:83.16,86.3 2 0
replikator/internal/federation/cross_cluster_sync.go:88.2,90.12 3 0
replikator/internal/federation/cross_cluster_sync.go:93.123,95.9 2 0
replikator/internal/federation/cross_cluster_sync.go:95.9,97.3 1 0
replikator/internal/federation/cross_cluster_sync.go:99.2,100.46 2 0
replikator/internal/federation/cross_cluster_sync.go:100.46,102.3 1 0
replikator/internal/federation/cross_cluster_sync.go:103.2,103.12 1 0
replikator/internal/federation/cross_cluster_sync.go:106.126,108.9 2 0
replikator/internal/federation/cross_cluster_sync.go:108.9,110.3 1 0
replikator/internal/federation/cross_cluster_sync.go:112.2,113.46 2 0
replikator/internal/federation/cross_cluster_sync.go:113.46,115.3 1 0
replikator/internal/federation/cross_cluster_sync.go:116.2,116.12 1 0
replikator/internal/federation/cross_cluster_sync.go:119.84,121.2 1 0
replikator/internal/federation/remote_cluster.go:35.71,40.2 1 0
replikator/internal/federation/remote_cluster.go:42.140,47.16 4 0
replikator/internal/federation/remote_cluster.go:47.16,49.3 1 0
replikator/internal/federation/remote_cluster.go:50.2,58.16 4 0
replikator/internal/federation/remote_cluster.go:58.16,60.3 1 0
replikator/internal/federation/remote_cluster.go:62.2,63.16 2 0
replikator/internal/federation/remote_cluster.go:63.16,65.3 1 0
replikator/internal/federation/remote_cluster.go:67.2,71.100 4 0
replikator/internal/federation/remote_cluster.go:71.100,74.3 2 0
replikator/internal/federation/remote_cluster.go:76.2,90.12 5 0
replikator/internal/federation/remote_cluster.go:93.59,97.35 3 0
replikator/internal/federation/remote_cluster.go:97.35,101.3 3 0
replikator/internal/federation/remote_cluster.go:104.79,110.2 4 0
replikator/internal/federation/remote_cluster.go:112.64,117.37 4 0
replikator/internal/federation/remote_cluster.go:117.37,119.3 1 0
replikator/internal/federation/remote_cluster.go:120.2,120.15 1 0
replikator/internal/federation/remote_cluster.go:123.84,127.62 3 0
replikator/internal/federation/remote_cluster.go:127.62,129.3 1 0
replikator/internal/federation/remote_cluster.go:130.2,130.19 1 0
replikator/internal/federation/remote_cluster.go:133.81,138.40 4 0
replikator/internal/federation/remote_cluster.go:138.40,139.28 1 0
replikator/internal/federation/remote_cluster.go:139.28,141.12 2 0
replikator/internal/federation/remote_cluster.go:144.3,149.36 5 0
replikator/internal/federation/remote_cluster.go:151.2,151.16 1 0
replikator/internal/federation/remote_cluster.go:154.60,158.41 3 0
replikator/internal/federation/remote_cluster.go:158.41,160.3 1 0
replikator/internal/federation/remote_cluster.go:163.61,165.16 2 0
replikator/internal/federation/remote_cluster.go:165.16,167.3 1 0
replikator/internal/federation/remote_cluster.go:168.2,170.53 2 0
replikator/internal/federation/remote_cluster.go:170.53,173.3 2 0
replikator/internal/federation/remote_cluster.go:175.2,175.28 1 0
replikator/internal/infrastructure/adapter/k8s/adapters.go:35.22,41.2 1 0
replikator/internal/infrastructure/adapter/k8s/adapters.go:43.108,46.16 3 0
replikator/internal/infrastructure/adapter/k8s/adapters.go:46.16,48.3 1 0
replikator/internal/infrastructure/adapter/k8s/adapters.go:49.2,49.20 1 0
replikator/internal/infrastructure/adapter/k8s/adapters.go:52.114,55.16 3 0
replikator/internal/infrastructure/adapter/k8s/adapters.go:55.16,57.3 1 0
replikator/internal/infrastructure/adapter/k8s/adapters.go:58.2,58.16 1 0
replikator/internal/infrastructure/adapter/k8s/adapters.go:61.106,64.16 3 0
replikator/internal/infrastructure/adapter/k8s/adapters.go:64.16,66.3 1 0
replikator/internal/infrastructure/adapter/k8s/adapters.go:68.2,69.34 2 0
replikator/internal/infrastructure/adapter/k8s/adapters.go:69.34,71.3 1 0
replikator/internal/infrastructure/adapter/k8s/adapters.go:72.2,72.20 1 0
replikator/internal/infrastructure/adapter/k8s/adapters.go:75.112,78.16 3 0
replikator/internal/infrastructure/adapter/k8s/adapters.go:78.16,80.3 1 0
replikator/internal/infrastructure/adapter/k8s/adapters.go:82.2,83.30 2 0
replikator/internal/infrastructure/adapter/k8s/adapters.go:83.30,85.3 1 0
replikator/internal/infrastructure/adapter/k8s/adapters.go:86.2,86.20 1 0
replikator/internal/infrastructure/adapter/k8s/adapters.go:89.92,91.2 1 0
replikator/internal/infrastructure/adapter/k8s/adapters.go:93.92,95.2 1 0
replikator/internal/infrastructure/adapter/k8s/adapters.go:97.93,100.16 3 0
replikator/internal/infrastructure/adapter/k8s/adapters.go:100.16,102.3 1 0
replikator/internal/infrastructure/adapter/k8s/adapters.go:103.2,103.37 1 0
replikator/internal/infrastructure/adapter/k8s/adapters.go:106.94,108.2 1 0
replikator/internal/infrastructure/adapter/k8s/adapters.go:110.94,112.2 1 0
replikator/internal/infrastructure/adapter/k8s/adapters.go:114.96,117.16 3 0
replikator/internal/infrastructure/adapter/k8s/adapters.go:117.16,119.3 1 0
replikator/internal/infrastructure/adapter/k8s/adapters.go:120.2,120.33 1 0
replikator/internal/infrastructure/adapter/k8s/adapters.go:123.109,124.34 1 0
replikator/internal/infrastructure/adapter/k8s/adapters.go:124.34,126.3 1 0
replikator/internal/infrastructure/adapter/k8s/adapters.go:128.2,130.25 2 0
replikator/internal/infrastructure/adapter/k8s/adapters.go:131.22,132.33 1 0
replikator/internal/infrastructure/adapter/k8s/adapters.go:133.25,134.33 1 0
replikator/internal/infrastructure/adapter/k8s/adapters.go:137.2,137.12 1 0
replikator/internal/infrastructure/adapter/k8s/adapters.go:140.109,143.31 3 0
replikator/internal/infrastructure/adapter/k8s/adapters.go:143.31,144.21 1 0
replikator/internal/infrastructure/adapter/k8s/adapters.go:144.21,146.4 1 0
replikator/internal/infrastructure/adapter/k8s/adapters.go:149.2,149.43 1 0
replikator/internal/infrastructure/adapter/k8s/adapters.go:149.43,151.3 1 0
replikator/internal/infrastructure/adapter/k8s/adapters.go:153.2,155.25 2 0
replikator/internal/infrastructure/adapter/k8s/adapters.go:156.22,157.33 1 0
replikator/internal/infrastructure/adapter/k8s/adapters.go:158.25,159.33 1 0
replikator/internal/infrastructure/adapter/k8s/adapters.go:162.2,162.12 1 0
replikator/internal/infrastructure/adapter/k8s/adapters.go:165.61,166.40 1 0
replikator/internal/infrastructure/adapter/k8s/adapters.go:166.40,167.21 1 0
replikator/internal/infrastructure/adapter/k8s/adapters.go:167.21,169.4 1 0
replikator/internal/infrastructure/adapter/k8s/adapters.go:171.2,171.14 1 0
replikator/internal/infrastructure/adapter/k8s/adapters.go:179.86,184.2 1 0
replikator/internal/infrastructure/adapter/k8s/adapters.go:186.98,189.16 3 0
replikator/internal/infrastructure/adapter/k8s/adapters.go:189.16,190.32 1 0
replikator/internal/infrastructure/adapter/k8s/adapters.go:190.32,193.18 3 0
replikator/internal/infrastructure/adapter/k8s/adapters.go:193.18,195.5 1 0
replikator/internal/infrastructure/adapter/k8s/adapters.go:196.4,196.34 1 0
replikator/internal/infrastructure/adapter/k8s/adapters.go:198.3,198.18 1 0
replikator/internal/infrastructure/adapter/k8s/adapters.go:200.2,200.33 1 0
replikator/internal/infrastructure/adapter/k8s/adapters.go:203.53,208.25 4 0
replikator/internal/infrastructure/adapter/k8s/adapters.go:209.22,213.43 4 0
replikator/internal/infrastructure/adapter/k8s/adapters.go:214.25,218.46 4 0
replikator/internal/infrastructure/adapter/k8s/adapters.go:221.2,221.24 1 0
replikator/internal/infrastructure/adapter/k8s/adapters.go:221.24,223.3 1 0
replikator/internal/infrastructure/adapter/k8s/adapters.go:225.2,226.27 2 0
replikator/internal/infrastructure/adapter/k8s/adapters.go:226.27,228.3 1 0
replikator/internal/infrastructure/adapter/k8s/adapters.go:230.2,231.21 2 0
replikator/internal/infrastructure/adapter/k8s/adapters.go:231.21,233.3 1 0
replikator/internal/infrastructure/adapter/k8s/adapters.go:235.2,239.62 4 0
replikator/internal/infrastructure/adapter/k8s/adapters.go:239.62,241.3 1 0
replikator/internal/infrastructure/adapter/k8s/adapters.go:243.2,245.15 3 0
replikator/internal/infrastructure/adapter/k8s/adapters.go:248.43,249.39 1 0
replikator/internal/infrastructure/adapter/k8s/adapters.go:249.39,250.22 1 0
replikator/internal/infrastructure/adapter/k8s/adapters.go:250.22,252.4 1 0
replikator/internal/infrastructure/adapter/k8s/adapters.go:254.2,254.28 1 0
replikator/internal/infrastructure/adapter/k8s/adapters.go:262.86,267.2 1 0
replikator/internal/infrastructure/adapter/k8s/adapters.go:269.98,272.16 3 0
replikator/internal/infrastructure/adapter/k8s/adapters.go:272.16,273.32 1 0
replikator/internal/infrastructure/adapter/k8s/adapters.go:273.32,276.18 3 0
replikator/internal/infrastructure/adapter/k8s/adapters.go:276.18,278.5 1 0
replikator/internal/infrastructure/adapter/k8s/adapters.go:279.4,279.37 1 0
replikator/internal/infrastructure/adapter/k8s/adapters.go:281.3,281.18 1 0
replikator/internal/infrastructure/adapter/k8s/adapters.go:283.2,283.33 1 0
replikator/internal/infrastructure/adapter/k8s/adapters.go:286.56,288.24 2 0
replikator/internal/infrastructure/adapter/k8s/adapters.go:288.24,290.3 1 0
replikator/internal/infrastructure/adapter/k8s/adapters.go:292.2,293.14 2 0
replikator/internal/infrastructure/adapter/k8s/adapters.go:293.14,295.3 1 0
replikator/internal/infrastructure/adapter/k8s/adapters.go:297.2,300.32 3 0
replikator/internal/infrastructure/adapter/k8s/adapters.go:300.32,304.3 3 0
replikator/internal/infrastructure/adapter/k8s/adapters.go:306.2,310.29 4 0
replikator/internal/infrastructure/adapter/k8s/adapters.go:310.29,314.3 3 0
replikator/internal/infrastructure/adapter/k8s/adapters.go:316.2,319.15 3 0
replikator/internal/infrastructure/adapter/k8s/adapters.go:322.62,324.24 2 0
replikator/internal/infrastructure/adapter/k8s/adapters.go:324.24,326.3 1 0
replikator/internal/infrastructure/adapter/k8s/adapters.go:328.2,329.14 2 0
replikator/internal/infrastructure/adapter/k8s/adapters.go:329.14,331.3 1 0
replikator/internal/infrastructure/adapter/k8s/adapters.go:333.2,336.32 3 0
replikator/internal/infrastructure/adapter/k8s/adapters.go:336.32,340.3 3 0
replikator/internal/infrastructure/adapter/k8s/adapters.go:342.2,346.29 4 0
replikator/internal/infrastructure/adapter/k8s/adapters.go:346.29,350.3 3 0
replikator/internal/infrastructure/adapter/k8s/adapters.go:352.2,355.15 3 0
replikator/internal/infrastructure/adapter/k8s/adapters.go:363.72,368.2 1 0
replikator/internal/infrastructure/adapter/k8s/adapters.go:370.101,372.2 1 0
replikator/internal/infrastructure/adapter/k8s/adapters.go:374.80,376.2 1 0
replikator/internal/infrastructure/adapter/k8s/adapters.go:378.85,380.2 1 0
replikator/internal/infrastructure/adapter/k8s/adapters.go:382.85,384.2 1 0
replikator/internal/infrastructure/adapter/k8s/adapters.go:386.87,388.2 1 0
replikator/internal/infrastructure/adapter/k8s/adapters.go:390.94,392.2 1 0
replikator/internal/infrastructure/adapter/k8s/adapters.go:399.52,403.2 1 0
replikator/internal/infrastructure/adapter/k8s/adapters.go:405.104,411.9 5 0
replikator/internal/infrastructure/adapter/k8s/adapters.go:411.9,413.3 1 0
replikator/internal/infrastructure/adapter/k8s/adapters.go:414.2,414.20 1 0
replikator/internal/infrastructure/adapter/k8s/adapters.go:417.123,422.35 4 0
replikator/internal/infrastructure/adapter/k8s/adapters.go:422.35,423.41 1 0
replikator/internal/infrastructure/adapter/k8s/adapters.go:423.41,425.4 1 0
replikator/internal/infrastructure/adapter/k8s/adapters.go:427.2,427.20 1 0
replikator/internal/infrastructure/adapter/k8s/adapters.go:430.83,435.35 4 0
replikator/internal/infrastructure/adapter/k8s/adapters.go:435.35,437.3 1 0
replikator/internal/infrastructure/adapter/k8s/adapters.go:438.2,438.20 1 0
replikator/internal/infrastructure/adapter/k8s/adapters.go:441.91,446.35 4 0
replikator/internal/infrastructure/adapter/k8s/adapters.go:446.35,447.38 1 0
replikator/internal/infrastructure/adapter/k8s/adapters.go:447.38,449.4 1 0
replikator/internal/infrastructure/adapter/k8s/adapters.go:451.2,451.20 1 0
replikator/internal/infrastructure/adapter/k8s/adapters.go:454.88,460.2 4 0
replikator/internal/infrastructure/adapter/k8s/adapters.go:462.88,468.2 4 0
replikator/internal/infrastructure/adapter/k8s/adapters.go:470.90,476.2 4 0
replikator/internal/infrastructure/adapter/k8s/adapters.go:478.97,480.2 1 0
replikator/internal/infrastructure/adapter/k8s/adapters.go:482.69,487.2 3 0
replikator/internal/infrastructure/adapter/k8s/adapters.go:489.73,494.2 3 0
replikator/internal/infrastructure/adapter/k8s/adapters.go:500.73,504.2 1 0
replikator/internal/infrastructure/adapter/k8s/adapters.go:506.78,508.51 2 0
replikator/internal/infrastructure/adapter/k8s/adapters.go:508.51,510.3 1 0
replikator/internal/infrastructure/adapter/k8s/adapters.go:512.2,513.34 2 0
replikator/internal/infrastructure/adapter/k8s/adapters.go:513.34,515.3 1 0
replikator/internal/infrastructure/adapter/k8s/adapters.go:516.2,516.20 1 0
replikator/internal/infrastructure/adapter/k8s/adapters.go:523.69,527.2 1 0
replikator/internal/infrastructure/adapter/k8s/adapters.go:529.106,542.2 5 0
replikator/internal/domain/service/reflection.go:16.74,20.2 1 1
replikator/internal/domain/service/reflection.go:22.119,23.25 1 0
replikator/internal/domain/service/reflection.go:23.25,25.3 1 0
replikator/internal/domain/service/reflection.go:27.2,27.55 1 0
replikator/internal/domain/service/reflection.go:27.55,29.3 1 0
replikator/internal/domain/service/reflection.go:31.2,31.42 1 0
replikator/internal/domain/service/reflection.go:31.42,33.3 1 0
replikator/internal/domain/service/reflection.go:35.2,41.17 2 0
replikator/internal/domain/service/reflection.go:41.17,43.3 1 0
replikator/internal/domain/service/reflection.go:45.2,45.12 1 0
replikator/internal/domain/service/reflection.go:48.113,49.55 1 1
replikator/internal/domain/service/reflection.go:49.55,51.3 1 1
replikator/internal/domain/service/reflection.go:53.2,53.33 1 1
replikator/internal/domain/service/reflection.go:53.33,55.3 1 1
replikator/internal/domain/service/reflection.go:57.2,57.13 1 1
replikator/internal/domain/service/reflection.go:60.103,61.44 1 0
replikator/internal/domain/service/reflection.go:61.44,63.3 1 0
replikator/internal/domain/service/reflection.go:65.2,65.47 1 0
replikator/internal/domain/service/reflection.go:65.47,67.3 1 0
replikator/internal/domain/service/reflection.go:69.2,69.84 1 0
replikator/internal/domain/service/reflection.go:69.84,71.3 1 0
replikator/internal/domain/service/reflection.go:73.2,73.14 1 0
replikator/internal/domain/service/reflection.go:76.73,77.19 1 1
replikator/internal/domain/service/reflection.go:77.19,79.3 1 1
replikator/internal/domain/service/reflection.go:80.2,80.25 1 1
replikator/internal/domain/service/reflection.go:80.25,82.3 1 1
replikator/internal/domain/service/reflection.go:83.2,83.30 1 1
replikator/internal/domain/service/reflection.go:83.30,85.3 1 1
replikator/internal/domain/service/reflection.go:86.2,86.12 1 1
replikator/internal/domain/service/reflection.go:89.73,90.19 1 1
replikator/internal/domain/service/reflection.go:90.19,92.3 1 1
replikator/internal/domain/service/reflection.go:93.2,93.25 1 1
replikator/internal/domain/service/reflection.go:93.25,95.3 1 1
replikator/internal/domain/service/reflection.go:96.2,96.30 1 1
replikator/internal/domain/service/reflection.go:96.30,98.3 1 1
replikator/internal/domain/service/reflection.go:99.2,99.41 1 1
replikator/internal/domain/service/reflection.go:99.41,101.3 1 0
replikator/internal/domain/service/reflection.go:102.2,102.12 1 1
replikator/internal/domain/service/reflection.go:122.42,124.2 1 1
replikator/internal/infrastructure/config/config.go:24.21,27.54 2 0
replikator/internal/infrastructure/config/config.go:27.54,29.3 1 0
replikator/internal/infrastructure/config/config.go:29.8,31.3 1 0
replikator/internal/infrastructure/config/config.go:33.2,33.56 1 0
replikator/internal/infrastructure/config/config.go:33.56,34.50 1 0
replikator/internal/infrastructure/config/config.go:34.50,36.4 1 0
replikator/internal/infrastructure/config/config.go:37.8,39.3 1 0
replikator/internal/infrastructure/config/config.go:41.2,41.63 1 0
replikator/internal/infrastructure/config/config.go:41.63,43.3 1 0
replikator/internal/infrastructure/config/config.go:45.2,45.71 1 0
replikator/internal/infrastructure/config/config.go:45.71,47.3 1 0
replikator/internal/infrastructure/config/config.go:47.8,49.3 1 0
replikator/internal/infrastructure/config/config.go:51.2,51.12 1 0
replikator/internal/infrastructure/config/config.go:54.49,56.2 1 0
replikator/internal/infrastructure/config/config.go:63.51,68.2 1 0
replikator/internal/infrastructure/config/config.go:70.49,72.2 1 0
replikator/internal/infrastructure/config/config.go:74.46,76.2 1 0
replikator/pkg/logger/logger.go:20.34,26.2 1 0
replikator/pkg/logger/logger.go:28.53,30.2 1 0
replikator/pkg/logger/logger.go:32.52,34.2 1 0
replikator/pkg/logger/logger.go:36.52,38.2 1 0
replikator/pkg/logger/logger.go:40.53,42.2 1 0
replikator/pkg/logger/logger.go:44.47,48.2 1 0
replikator/internal/metrics/metrics.go:111.107,116.2 4 0
replikator/internal/metrics/metrics.go:118.97,121.2 2 0
replikator/internal/metrics/metrics.go:123.44,125.2 1 0
replikator/internal/metrics/metrics.go:127.45,129.2 1 0
replikator/internal/metrics/metrics.go:131.48,133.2 1 0
replikator/internal/metrics/metrics.go:135.50,137.2 1 0
replikator/internal/metrics/metrics.go:139.39,141.2 1 0
replikator/internal/metrics/metrics.go:143.40,145.2 1 0
replikator/internal/metrics/metrics.go:147.34,149.2 1 0
replikator/internal/metrics/metrics.go:151.86,153.2 1 0
replikator/internal/domain/entity/resource.go:36.131,47.2 1 1
replikator/internal/domain/entity/resource.go:49.135,53.2 3 0
replikator/internal/domain/entity/resource.go:55.44,57.2 1 0
replikator/internal/domain/entity/resource.go:59.50,61.2 1 1
replikator/internal/domain/entity/resource.go:63.37,65.2 1 1
replikator/internal/domain/entity/resource.go:67.32,69.2 1 1
replikator/internal/domain/entity/resource.go:71.46,73.2 1 1
replikator/internal/domain/entity/resource.go:75.35,77.2 1 1
replikator/internal/domain/entity/resource.go:79.39,81.2 1 1
replikator/internal/domain/entity/resource.go:83.35,85.2 1 1
replikator/internal/domain/entity/resource.go:87.28,89.2 1 1
replikator/internal/domain/entity/resource.go:91.27,93.2 1 1
replikator/internal/domain/entity/resource.go:95.39,97.2 1 0
replikator/internal/domain/entity/resource.go:99.44,101.2 1 0
replikator/internal/domain/entity/resource.go:103.39,105.2 1 0
replikator/internal/domain/entity/resource.go:107.43,109.2 1 0
replikator/internal/domain/entity/resource.go:111.50,113.2 1 0
replikator/internal/domain/entity/resource.go:115.36,117.2 1 0
replikator/internal/domain/entity/resource.go:119.51,124.2 1 0
replikator/internal/domain/entity/resource.go:139.75,151.2 1 1
replikator/internal/domain/entity/resource.go:153.44,155.2 1 0
replikator/internal/domain/entity/resource.go:157.37,159.2 1 1
replikator/internal/domain/entity/resource.go:161.32,163.2 1 1
replikator/internal/domain/entity/resource.go:165.46,167.2 1 1
replikator/internal/domain/entity/resource.go:169.35,171.2 1 1
replikator/internal/domain/entity/resource.go:173.43,175.2 1 1
replikator/internal/domain/entity/resource.go:177.68,179.2 1 0
replikator/internal/domain/entity/resource.go:181.81,183.2 1 1
replikator/internal/domain/entity/resource.go:185.35,187.2 1 1
replikator/internal/domain/entity/resource.go:189.28,191.2 1 0
replikator/internal/domain/entity/resource.go:193.27,195.2 1 0
replikator/internal/domain/entity/resource.go:197.39,199.2 1 0
replikator/internal/domain/entity/resource.go:201.47,203.2 1 1
replikator/internal/domain/entity/resource.go:205.65,207.2 1 0
replikator/internal/domain/entity/resource.go:209.78,211.2 1 1
replikator/internal/domain/entity/resource.go:213.35,215.2 1 0
replikator/internal/domain/entity/resource.go:217.39,219.2 1 0
replikator/internal/domain/entity/resource.go:221.36,223.2 1 0
replikator/internal/domain/entity/resource.go:225.63,226.16 1 1
replikator/internal/domain/entity/resource.go:226.16,228.3 1 0
replikator/internal/domain/entity/resource.go:229.2,229.47 1 1
replikator/internal/domain/entity/resource.go:232.66,233.34 1 1
replikator/internal/domain/entity/resource.go:233.34,235.3 1 0
replikator/internal/domain/entity/resource.go:236.2,236.33 1 1
replikator/internal/domain/entity/resource.go:236.33,238.3 1 1
replikator/internal/domain/entity/resource.go:239.2,239.47 1 0
replikator/internal/domain/entity/resource.go:242.51,247.2 1 0
replikator/internal/domain/entity/resource.go:254.43,259.2 1 0
replikator/internal/domain/entity/resource.go:261.36,263.2 1 0
replikator/internal/domain/entity/resource.go:265.39,267.2 1 0
replikator/internal/domain/entity/resource.go:269.36,271.2 1 0
replikator/internal/infrastructure/cache/cache.go:15.39,16.19 1 1
replikator/internal/infrastructure/cache/cache.go:16.19,18.3 1 0
replikator/internal/infrastructure/cache/cache.go:19.2,19.43 1 1
replikator/internal/infrastructure/cache/cache.go:28.51,33.2 1 1
replikator/internal/infrastructure/cache/cache.go:35.53,40.9 4 1
replikator/internal/infrastructure/cache/cache.go:40.9,42.3 1 1
replikator/internal/infrastructure/cache/cache.go:44.2,44.23 1 1
replikator/internal/infrastructure/cache/cache.go:44.23,46.3 1 1
replikator/internal/infrastructure/cache/cache.go:48.2,48.20 1 1
replikator/internal/infrastructure/cache/cache.go:51.55,59.2 3 1
replikator/internal/infrastructure/cache/cache.go:61.65,63.2 1 0
replikator/internal/infrastructure/cache/cache.go:65.36,70.2 3 1
replikator/internal/infrastructure/cache/cache.go:72.25,77.2 3 1
replikator/internal/infrastructure/cache/cache.go:79.27,83.36 3 0
replikator/internal/infrastructure/cache/cache.go:83.36,84.24 1 0
replikator/internal/infrastructure/cache/cache.go:84.24,86.4 1 0
replikator/internal/infrastructure/cache/cache.go:94.60,98.2 1 1
replikator/internal/infrastructure/cache/cache.go:100.50,103.2 2 1
replikator/internal/infrastructure/cache/cache.go:105.53,107.12 2 1
replikator/internal/infrastructure/cache/cache.go:107.12,109.3 1 1
replikator/internal/infrastructure/cache/cache.go:110.2,110.15 1 1
replikator/internal/infrastructure/cache/cache.go:113.47,116.2 2 1
replikator/internal/infrastructure/cache/cache.go:131.36,135.2 1 1
replikator/internal/infrastructure/cache/cache.go:137.60,143.2 4 1
replikator/internal/infrastructure/cache/cache.go:145.59,150.2 3 1
replikator/internal/infrastructure/cache/cache.go:152.42,157.2 3 1
replikator/internal/infrastructure/cache/cache.go:159.68,164.33 4 1
replikator/internal/infrastructure/cache/cache.go:164.33,165.33 1 1
replikator/internal/infrastructure/cache/cache.go:165.33,167.4 1 1
replikator/internal/infrastructure/cache/cache.go:169.2,169.15 1 1
replikator/internal/infrastructure/cache/cache.go:172.64,177.35 4 1
replikator/internal/infrastructure/cache/cache.go:177.35,178.33 1 1
replikator/internal/infrastructure/cache/cache.go:178.33,181.4 2 1
replikator/internal/infrastructure/cache/cache.go:183.2,183.16 1 1
replikator/internal/infrastructure/cache/cache.go:186.68,191.28 4 1
replikator/internal/infrastructure/cache/cache.go:191.28,192.42 1 1
replikator/internal/infrastructure/cache/cache.go:192.42,195.4 2 1
replikator/internal/infrastructure/cache/cache.go:197.2,197.16 1 1
replikator/internal/infrastructure/cache/cache.go:200.54,201.37 1 1
replikator/internal/infrastructure/cache/cache.go:201.37,202.20 1 1
replikator/internal/infrastructure/cache/cache.go:202.20,204.4 1 1
replikator/internal/infrastructure/cache/cache.go:206.2,206.14 1 0
replikator/internal/infrastructure/cache/cache.go:209.31,214.2 3 1
replikator/internal/infrastructure/cache/cache.go:230.72,235.2 1 1
replikator/internal/infrastructure/cache/cache.go:237.69,242.8 4 1
replikator/internal/infrastructure/cache/cache.go:242.8,244.3 1 1
replikator/internal/infrastructure/cache/cache.go:244.8,246.3 1 1
replikator/internal/infrastructure/cache/cache.go:247.2,247.18 1 1
replikator/internal/infrastructure/cache/cache.go:250.68,257.2 5 1
replikator/internal/infrastructure/cache/cache.go:259.46,265.2 4 0
replikator/internal/infrastructure/cache/cache.go:267.55,269.2 1 1
replikator/internal/infrastructure/cache/cache.go:271.52,277.2 4 1
replikator/internal/infrastructure/cache/cache.go:279.35,285.2 4 1
replikator/internal/application/dto/dto.go:25.53,36.2 1 0
replikator/internal/application/dto/dto.go:38.55,41.34 3 0
replikator/internal/application/dto/dto.go:41.34,43.3 1 0
replikator/internal/application/dto/dto.go:44.2,45.31 2 0
replikator/internal/application/dto/dto.go:45.31,47.3 1 0
replikator/internal/application/dto/dto.go:48.2,48.20 1 0
replikator/internal/application/dto/dto.go:64.53,77.2 1 0
replikator/internal/application/dto/dto.go:79.55,83.25 4 0
replikator/internal/application/dto/dto.go:83.25,85.3 1 0
replikator/internal/application/dto/dto.go:86.2,86.20 1 0
replikator/internal/application/dto/dto.go:106.142,113.2 1 0
replikator/internal/application/dto/dto.go:127.34,128.7 1 0
replikator/internal/application/dto/dto.go:128.7,130.3 1 0
replikator/internal/application/dto/dto.go:131.2,131.16 1 0
replikator/internal/application/dto/dto.go:134.49,136.32 2 0
replikator/internal/application/dto/dto.go:136.32,137.12 1 0
replikator/internal/application/dto/dto.go:137.12,139.4 1 0
replikator/internal/application/dto/dto.go:140.3,140.25 1 0
replikator/internal/application/dto/dto.go:142.2,142.24 1 0
replikator/internal/application/dto/dto.go:145.68,147.24 2 0
replikator/internal/application/dto/dto.go:147.24,149.3 1 0
replikator/internal/application/dto/dto.go:151.2,156.62 2 0
replikator/internal/application/dto/dto.go:156.62,158.3 1 0
replikator/internal/application/dto/dto.go:160.2,160.72 1 0
replikator/internal/application/dto/dto.go:160.72,162.3 1 0
replikator/internal/application/dto/dto.go:164.2,164.66 1 0
replikator/internal/application/dto/dto.go:164.66,166.3 1 0
replikator/internal/application/dto/dto.go:168.2,168.69 1 0
replikator/internal/application/dto/dto.go:168.69,170.3 1 0
replikator/internal/application/dto/dto.go:172.2,172.17 1 0
replikator/internal/application/dto/dto.go:175.68,177.24 2 0
replikator/internal/application/dto/dto.go:177.24,179.3 1 0
replikator/internal/application/dto/dto.go:181.2,182.27 2 0
replikator/internal/application/dto/dto.go:182.27,184.3 1 0
replikator/internal/application/dto/dto.go:186.2,187.21 2 0
replikator/internal/application/dto/dto.go:187.21,189.3 1 0
replikator/internal/application/dto/dto.go:191.2,202.8 3 0
replikator/internal/application/dto/dto.go:205.53,206.39 1 0
replikator/internal/application/dto/dto.go:206.39,207.22 1 0
replikator/internal/application/dto/dto.go:207.22,209.4 1 0
replikator/internal/application/dto/dto.go:211.2,211.28 1 0
replikator/internal/application/dto/dto.go:214.48,215.17 1 0
replikator/internal/application/dto/dto.go:215.17,217.3 1 0
replikator/internal/application/dto/dto.go:218.2,219.43 2 0
replikator/internal/application/dto/dto.go:219.43,221.14 2 0
replikator/internal/application/dto/dto.go:221.14,223.4 1 0
replikator/internal/application/dto/dto.go:225.2,225.14 1 0
replikator/internal/application/dto/dto.go:228.45,231.26 3 0
replikator/internal/application/dto/dto.go:231.26,232.15 1 0
replikator/internal/application/dto/dto.go:232.15,233.21 1 0
replikator/internal/application/dto/dto.go:233.21,235.5 1 0
replikator/internal/application/dto/dto.go:236.4,236.16 1 0
replikator/internal/application/dto/dto.go:237.9,239.4 1 0
replikator/internal/application/dto/dto.go:241.2,241.19 1 0
replikator/internal/application/dto/dto.go:241.19,243.3 1 0
replikator/internal/application/dto/dto.go:244.2,244.15 1 0
replikator/internal/application/dto/dto.go:247.33,250.59 3 0
replikator/internal/application/dto/dto.go:250.59,252.3 1 0
replikator/internal/application/dto/dto.go:253.2,253.59 1 0
replikator/internal/application/dto/dto.go:253.59,255.3 1 0
replikator/internal/application/dto/dto.go:256.2,256.21 1 0
replikator/internal/application/dto/dto.go:261.55,263.2 1 0
replikator/internal/application/dto/dto.go:265.49,266.25 1 0
replikator/internal/application/dto/dto.go:267.22,268.27 1 0
replikator/internal/application/dto/dto.go:269.25,270.27 1 0
replikator/internal/application/dto/dto.go:271.21,272.27 1 0
replikator/internal/application/dto/dto.go:273.24,274.27 1 0
replikator/internal/application/dto/dto.go:276.2,276.11 1 0
replikator/internal/application/dto/dto.go:279.37,282.2 2 0
replikator/internal/application/dto/dto.go:284.40,287.2 2 0
replikator/internal/application/dto/dto.go:289.47,290.55 1 1
replikator/internal/application/dto/dto.go:290.55,292.3 1 1
replikator/internal/application/dto/dto.go:293.2,293.31 1 1
replikator/internal/application/dto/dto.go:293.31,294.67 1 1
replikator/internal/application/dto/dto.go:294.67,296.4 1 1
replikator/internal/application/dto/dto.go:297.3,297.57 1 1
replikator/internal/application/dto/dto.go:297.57,299.4 1 1
replikator/internal/application/dto/dto.go:301.2,301.14 1 1
replikator/internal/application/dto/dto.go:304.43,305.25 1 1
replikator/internal/application/dto/dto.go:306.22,307.25 1 1
replikator/internal/application/dto/dto.go:308.25,309.28 1 1
replikator/internal/application/dto/dto.go:311.2,311.14 1 1
replikator/internal/application/dto/dto.go:314.49,315.27 1 1
replikator/internal/application/dto/dto.go:315.27,316.63 1 1
replikator/internal/application/dto/dto.go:316.63,318.4 1 1
replikator/internal/application/dto/dto.go:319.3,319.53 1 1
replikator/internal/application/dto/dto.go:319.53,321.4 1 1
replikator/internal/application/dto/dto.go:323.2,323.14 1 1
replikator/internal/application/dto/dto.go:326.37,328.2 1 0
replikator/internal/application/dto/dto.go:330.45,332.2 1 0
replikator/pkg/annotations/annotations.go:9.68,15.2 1 1
replikator/pkg/annotations/annotations.go:17.72,24.2 1 1
replikator/pkg/annotations/annotations.go:26.123,31.29 2 1
replikator/pkg/annotations/annotations.go:31.29,33.3 1 1
replikator/pkg/annotations/annotations.go:35.2,37.26 2 1
replikator/pkg/annotations/annotations.go:37.26,39.3 1 1
replikator/pkg/annotations/annotations.go:41.2,41.20 1 1
replikator/pkg/annotations/annotations.go:44.34,45.7 1 1
replikator/pkg/annotations/annotations.go:45.7,47.3 1 1
replikator/pkg/annotations/annotations.go:48.2,48.16 1 1
replikator/internal/watcher/watcher.go:59.78,66.2 1 1
replikator/internal/watcher/watcher.go:68.32,75.2 5 1
replikator/internal/watcher/watcher.go:77.31,81.16 3 1
replikator/internal/watcher/watcher.go:81.16,83.3 1 0
replikator/internal/watcher/watcher.go:85.2,86.19 2 1
replikator/internal/watcher/watcher.go:89.38,95.2 4 0
replikator/internal/watcher/watcher.go:97.41,102.2 3 1
replikator/internal/watcher/watcher.go:104.41,105.20 1 1
replikator/internal/watcher/watcher.go:105.20,107.3 1 0
replikator/internal/watcher/watcher.go:108.2,111.16 3 1
replikator/internal/watcher/watcher.go:111.16,113.3 1 0
replikator/internal/watcher/watcher.go:114.2,114.47 1 1
replikator/internal/watcher/watcher.go:117.54,118.20 1 1
replikator/internal/watcher/watcher.go:118.20,120.3 1 0
replikator/internal/watcher/watcher.go:121.2,126.19 5 1
replikator/internal/watcher/watcher.go:126.19,128.3 1 1
replikator/internal/watcher/watcher.go:129.2,129.18 1 1
replikator/internal/watcher/watcher.go:140.82,146.2 1 1
replikator/internal/watcher/watcher.go:148.55,152.47 3 1
replikator/internal/watcher/watcher.go:152.47,154.3 1 1
replikator/internal/watcher/watcher.go:156.2,159.18 3 1
replikator/internal/watcher/watcher.go:162.39,166.22 3 1
replikator/internal/watcher/watcher.go:166.22,168.42 2 1
replikator/internal/watcher/watcher.go:168.42,170.4 1 1
replikator/internal/watcher/watcher.go:174.55,179.2 3 1
replikator/internal/watcher/watcher.go:181.57,186.2 3 0
replikator/internal/watcher/watcher.go:188.48,192.22 3 1
replikator/internal/watcher/watcher.go:192.22,194.3 1 1
replikator/internal/watcher/watcher.go:195.2,195.56 1 1
replikator/internal/watcher/watcher.go:205.52,210.2 1 1
replikator/internal/watcher/watcher.go:212.53,216.13 3 1
replikator/internal/watcher/watcher.go:216.13,218.3 1 1
replikator/internal/watcher/watcher.go:220.2,220.9 1 1
replikator/internal/watcher/watcher.go:221.22,222.14 1 1
replikator/internal/watcher/watcher.go:223.10,224.15 1 1
replikator/internal/watcher/watcher.go:228.54,231.2 2 1
replikator/internal/watcher/watcher.go:233.33,239.2 4 1
replikator/internal/watcher/watcher.go:241.42,243.2 1 0
replikator/internal/watcher/watcher.go:245.39,247.2 1 1
replikator/internal/watcher/watcher.go:257.77,264.2 1 0
replikator/internal/watcher/watcher.go:266.60,268.2 1 0
replikator/internal/watcher/watcher.go:270.54,273.2 2 0
replikator/internal/watcher/watcher.go:275.34,278.2 2 0
replikator/internal/watcher/watcher.go:280.62,283.6 2 0
replikator/internal/watcher/watcher.go:283.6,284.10 1 0
replikator/internal/watcher/watcher.go:285.21,286.10 1 0
replikator/internal/watcher/watcher.go:287.19,288.10 1 0
replikator/internal/watcher/watcher.go:289.36,290.11 1 0
replikator/internal/watcher/watcher.go:290.11,292.5 1 0
replikator/internal/watcher/watcher.go:293.4,293.26 1 0
replikator/internal/watcher/watcher.go:298.59,299.37 1 0
replikator/internal/watcher/watcher.go:299.37,301.21 2 0
replikator/internal/watcher/watcher.go:302.17,303.37 1 0
replikator/internal/watcher/watcher.go:304.20,305.57 1 0
replikator/internal/watcher/watcher.go:306.20,307.40 1 0
replikator/internal/watcher/watcher.go:310.3,310.17 1 0
replikator/internal/watcher/watcher.go:310.17,311.47 1 0
replikator/internal/watcher/watcher.go:311.47,313.5 1 0
replikator/internal/watcher/watcher.go:324.88,326.16 2 0
replikator/internal/watcher/watcher.go:326.16,328.3 1 0
replikator/internal/watcher/watcher.go:329.2,329.36 1 0
